
**** Build of configuration Debug for project Interrupts ****

"C:\\ti\\ccsv6\\utils\\bin\\gmake" -k all 
'Building file: ../functions.c'
'Invoking: MSP430 Compiler'
"C:/ti/ccsv6/tools/compiler/msp430_15.12.2.LTS/bin/cl430" -vmspx --use_hw_mpy=none --include_path="C:/ti/ccsv6/ccs_base/msp430/include" --include_path="C:/ti/ccsv6/tools/compiler/msp430_15.12.2.LTS/include" --advice:power=all --advice:hw_config=all -g --define=__MSP430FR4133__ --diag_wrap=off --display_error_number --diag_warning=225 --silicon_errata=CPU21 --silicon_errata=CPU22 --silicon_errata=CPU40 --printf_support=minimal --preproc_with_compile --preproc_dependency="functions.d"  "../functions.c"
'Finished building: ../functions.c'
' '
'Building target: Interrupts.out'
'Invoking: MSP430 Linker'
"C:/ti/ccsv6/tools/compiler/msp430_15.12.2.LTS/bin/cl430" -vmspx --use_hw_mpy=none --advice:power=all --advice:hw_config=all -g --define=__MSP430FR4133__ --diag_wrap=off --display_error_number --diag_warning=225 --silicon_errata=CPU21 --silicon_errata=CPU22 --silicon_errata=CPU40 --printf_support=minimal -z -m"Interrupts.map" --stack_size=160 --heap_size=160 --cinit_hold_wdt=on -i"C:/ti/ccsv6/ccs_base/msp430/include" -i"C:/ti/ccsv6/tools/compiler/msp430_15.12.2.LTS/lib" -i"C:/ti/ccsv6/tools/compiler/msp430_15.12.2.LTS/include" --reread_libs --display_error_number --warn_sections --diag_wrap=off --xml_link_info="Interrupts_linkInfo.xml" --use_hw_mpy=none --rom_model -o "Interrupts.out" "./functions.obj" "./main.obj" "../lnk_msp430fr4133.cmd"  -llibc.a 
<Linking>
remark #10372-D: (ULP 4.1) Detected uninitialized Port B in this project. Recommend initializing all unused ports to eliminate wasted current consumption on unused pins.
remark #10372-D: (ULP 4.1) Detected uninitialized Port C in this project. Recommend initializing all unused ports to eliminate wasted current consumption on unused pins.
remark #10372-D: (ULP 4.1) Detected uninitialized Port D in this project. Recommend initializing all unused ports to eliminate wasted current consumption on unused pins.
'Finished building target: Interrupts.out'
' '

**** Build Finished ****

**** Build of configuration Debug for project Examples ****

"C:\\ti\\ccsv6\\utils\\bin\\gmake" -k all 
'Building file: ../msp430fr413x_1.c'
'Invoking: MSP430 Compiler'
"C:/ti/ccsv6/tools/compiler/ti-cgt-msp430_15.12.1.LTS/bin/cl430" -vmspx --use_hw_mpy=none --include_path="C:/ti/ccsv6/ccs_base/msp430/include" --include_path="C:/ti/ccsv6/tools/compiler/ti-cgt-msp430_15.12.1.LTS/include" --advice:power=all --advice:hw_config=all -g --define=__MSP430FR4133__ --diag_wrap=off --display_error_number --diag_warning=225 --silicon_errata=CPU21 --silicon_errata=CPU22 --silicon_errata=CPU40 --printf_support=minimal --preproc_with_compile --preproc_dependency="msp430fr413x_1.d"  "../msp430fr413x_1.c"
"../msp430fr413x_1.c", line 82: remark #1527-D: (ULP 2.1) Detected SW delay loop using __delay_cycles. Recommend using a timer module instead
'Finished building: ../msp430fr413x_1.c'
' '
'Building target: Examples.out'
'Invoking: MSP430 Linker'
"C:/ti/ccsv6/tools/compiler/ti-cgt-msp430_15.12.1.LTS/bin/cl430" -vmspx --use_hw_mpy=none --advice:power=all --advice:hw_config=all -g --define=__MSP430FR4133__ --diag_wrap=off --display_error_number --diag_warning=225 --silicon_errata=CPU21 --silicon_errata=CPU22 --silicon_errata=CPU40 --printf_support=minimal -z -m"Examples.map" --stack_size=160 --heap_size=160 --cinit_hold_wdt=on -i"C:/ti/ccsv6/ccs_base/msp430/include" -i"C:/ti/ccsv6/tools/compiler/ti-cgt-msp430_15.12.1.LTS/lib" -i"C:/ti/ccsv6/tools/compiler/ti-cgt-msp430_15.12.1.LTS/include" --reread_libs --display_error_number --warn_sections --diag_wrap=off --xml_link_info="Examples_linkInfo.xml" --use_hw_mpy=none --rom_model -o "Examples.out" "./msp430fr413x_1.obj" "../lnk_msp430fr4133.cmd"  -llibc.a 
<Linking>
remark #10371-D: (ULP 1.1) Detected no uses of low power mode state changing instructions
remark #10372-D: (ULP 4.1) Detected uninitialized Port A in this project. Recommend initializing all unused ports to eliminate wasted current consumption on unused pins.
remark #10372-D: (ULP 4.1) Detected uninitialized Port B in this project. Recommend initializing all unused ports to eliminate wasted current consumption on unused pins.
remark #10372-D: (ULP 4.1) Detected uninitialized Port C in this project. Recommend initializing all unused ports to eliminate wasted current consumption on unused pins.
remark #10372-D: (ULP 4.1) Detected uninitialized Port D in this project. Recommend initializing all unused ports to eliminate wasted current consumption on unused pins.
'Finished building target: Examples.out'
' '

**** Build Finished ****

**** Build of configuration Debug for project Interrupts ****

"C:\\ti\\ccsv6\\utils\\bin\\gmake" -k all 
'Building file: ../functions.c'
'Invoking: MSP430 Compiler'
"C:/ti/ccsv6/tools/compiler/msp430_15.12.2.LTS/bin/cl430" -vmspx --use_hw_mpy=none --include_path="C:/ti/ccsv6/ccs_base/msp430/include" --include_path="C:/ti/ccsv6/tools/compiler/msp430_15.12.2.LTS/include" --advice:power=all --advice:hw_config=all -g --define=__MSP430FR4133__ --diag_wrap=off --display_error_number --diag_warning=225 --silicon_errata=CPU21 --silicon_errata=CPU22 --silicon_errata=CPU40 --printf_support=minimal --preproc_with_compile --preproc_dependency="functions.d"  "../functions.c"
'Finished building: ../functions.c'
' '
'Building file: ../main.c'
'Invoking: MSP430 Compiler'
"C:/ti/ccsv6/tools/compiler/msp430_15.12.2.LTS/bin/cl430" -vmspx --use_hw_mpy=none --include_path="C:/ti/ccsv6/ccs_base/msp430/include" --include_path="C:/ti/ccsv6/tools/compiler/msp430_15.12.2.LTS/include" --advice:power=all --advice:hw_config=all -g --define=__MSP430FR4133__ --diag_wrap=off --display_error_number --diag_warning=225 --silicon_errata=CPU21 --silicon_errata=CPU22 --silicon_errata=CPU40 --printf_support=minimal --preproc_with_compile --preproc_dependency="main.d"  "../main.c"
'Finished building: ../main.c'
' '
'Building target: Interrupts.out'
'Invoking: MSP430 Linker'
"C:/ti/ccsv6/tools/compiler/msp430_15.12.2.LTS/bin/cl430" -vmspx --use_hw_mpy=none --advice:power=all --advice:hw_config=all -g --define=__MSP430FR4133__ --diag_wrap=off --display_error_number --diag_warning=225 --silicon_errata=CPU21 --silicon_errata=CPU22 --silicon_errata=CPU40 --printf_support=minimal -z -m"Interrupts.map" --stack_size=160 --heap_size=160 --cinit_hold_wdt=on -i"C:/ti/ccsv6/ccs_base/msp430/include" -i"C:/ti/ccsv6/tools/compiler/msp430_15.12.2.LTS/lib" -i"C:/ti/ccsv6/tools/compiler/msp430_15.12.2.LTS/include" --reread_libs --display_error_number --warn_sections --diag_wrap=off --xml_link_info="Interrupts_linkInfo.xml" --use_hw_mpy=none --rom_model -o "Interrupts.out" "./functions.obj" "./main.obj" "../lnk_msp430fr4133.cmd"  -llibc.a 
<Linking>
remark #10372-D: (ULP 4.1) Detected uninitialized Port B in this project. Recommend initializing all unused ports to eliminate wasted current consumption on unused pins.
remark #10372-D: (ULP 4.1) Detected uninitialized Port C in this project. Recommend initializing all unused ports to eliminate wasted current consumption on unused pins.
remark #10372-D: (ULP 4.1) Detected uninitialized Port D in this project. Recommend initializing all unused ports to eliminate wasted current consumption on unused pins.
'Finished building target: Interrupts.out'
' '

**** Build Finished ****

**** Build of configuration Debug for project OutOfBox_MSP430FR4133 ****

"C:\\ti\\ccsv6\\utils\\bin\\gmake" -k all 
'Building file: ../StopWatchMode.c'
'Invoking: MSP430 Compiler'
"C:/ti/ccsv6/tools/compiler/msp430_15.12.2.LTS/bin/cl430" -vmspx --use_hw_mpy=none --include_path="C:/ti/ccsv6/ccs_base/msp430/include" --include_path="C:/Users/coryj/Documents/GitHub/CCS/OutOfBox_MSP430FR4133/driverlib/MSP430FR2xx_4xx" --include_path="C:/ti/ccsv6/tools/compiler/msp430_15.12.2.LTS/include" --advice:power="all" --advice:hw_config=all -g --define=__MSP430FR4133__ --diag_wrap=off --display_error_number --diag_warning=225 --silicon_errata=CPU21 --silicon_errata=CPU22 --silicon_errata=CPU40 --printf_support=minimal --preproc_with_compile --preproc_dependency="StopWatchMode.d"  "../StopWatchMode.c"
"C:\Users\coryj\Documents\GitHub\CCS\OutOfBox_MSP430FR4133\driverlib\MSP430FR2xx_4xx\inc/hw_memmap.h", line 102: warning #48-D: incompatible redefinition of macro "BAK_RAM_BASE" (declared at line 401 of "C:/ti/ccsv6/ccs_base/msp430/include/msp430fr4133.h")
"../StopWatchMode.c", line 121: remark #1530-D: (ULP 5.1) Detected modulo operation(s). Recommend moving them to RAM during run time or not using as these are processing/power intensive
"../StopWatchMode.c", line 124: remark #1530-D: (ULP 5.1) Detected modulo operation(s). Recommend moving them to RAM during run time or not using as these are processing/power intensive
"../StopWatchMode.c", line 127: remark #1530-D: (ULP 5.1) Detected modulo operation(s). Recommend moving them to RAM during run time or not using as these are processing/power intensive
"../StopWatchMode.c", line 129: remark #1530-D: (ULP 5.1) Detected modulo operation(s). Recommend moving them to RAM during run time or not using as these are processing/power intensive
"../StopWatchMode.c", line 154: remark #1530-D: (ULP 5.1) Detected modulo operation(s). Recommend moving them to RAM during run time or not using as these are processing/power intensive
"../StopWatchMode.c", line 155: remark #1530-D: (ULP 5.1) Detected divide operation(s). Recommend moving them to RAM during run time or not using as these are processing/power intensive
"../StopWatchMode.c", line 156: remark #1530-D: (ULP 5.1) Detected modulo operation(s). Recommend moving them to RAM during run time or not using as these are processing/power intensive
"../StopWatchMode.c", line 157: remark #1530-D: (ULP 5.1) Detected divide operation(s). Recommend moving them to RAM during run time or not using as these are processing/power intensive
"../StopWatchMode.c", line 158: remark #1530-D: (ULP 5.1) Detected modulo operation(s). Recommend moving them to RAM during run time or not using as these are processing/power intensive
"../StopWatchMode.c", line 159: remark #1530-D: (ULP 5.1) Detected divide operation(s). Recommend moving them to RAM during run time or not using as these are processing/power intensive
"../StopWatchMode.c", line 164: remark #1530-D: (ULP 5.1) Detected modulo operation(s). Recommend moving them to RAM during run time or not using as these are processing/power intensive
"../StopWatchMode.c", line 165: remark #1530-D: (ULP 5.1) Detected divide operation(s). Recommend moving them to RAM during run time or not using as these are processing/power intensive
"../StopWatchMode.c", line 166: remark #1530-D: (ULP 5.1) Detected modulo operation(s). Recommend moving them to RAM during run time or not using as these are processing/power intensive
"../StopWatchMode.c", line 167: remark #1530-D: (ULP 5.1) Detected divide operation(s). Recommend moving them to RAM during run time or not using as these are processing/power intensive
"../StopWatchMode.c", line 168: remark #1530-D: (ULP 5.1) Detected modulo operation(s). Recommend moving them to RAM during run time or not using as these are processing/power intensive
"../StopWatchMode.c", line 169: remark #1530-D: (ULP 5.1) Detected divide operation(s). Recommend moving them to RAM during run time or not using as these are processing/power intensive
'Finished building: ../StopWatchMode.c'
' '
'Building file: ../TempSensorMode.c'
'Invoking: MSP430 Compiler'
"C:/ti/ccsv6/tools/compiler/msp430_15.12.2.LTS/bin/cl430" -vmspx --use_hw_mpy=none --include_path="C:/ti/ccsv6/ccs_base/msp430/include" --include_path="C:/Users/coryj/Documents/GitHub/CCS/OutOfBox_MSP430FR4133/driverlib/MSP430FR2xx_4xx" --include_path="C:/ti/ccsv6/tools/compiler/msp430_15.12.2.LTS/include" --advice:power="all" --advice:hw_config=all -g --define=__MSP430FR4133__ --diag_wrap=off --display_error_number --diag_warning=225 --silicon_errata=CPU21 --silicon_errata=CPU22 --silicon_errata=CPU40 --printf_support=minimal --preproc_with_compile --preproc_dependency="TempSensorMode.d"  "../TempSensorMode.c"
"C:\Users\coryj\Documents\GitHub\CCS\OutOfBox_MSP430FR4133\driverlib\MSP430FR2xx_4xx\inc/hw_memmap.h", line 102: warning #48-D: incompatible redefinition of macro "BAK_RAM_BASE" (declared at line 401 of "C:/ti/ccsv6/ccs_base/msp430/include/msp430fr4133.h")
"../TempSensorMode.c", line 53: warning #145-D: a value of type "volatile unsigned int *" cannot be used to initialize an entity of type "volatile int *"
"../TempSensorMode.c", line 54: warning #145-D: a value of type "volatile unsigned int *" cannot be used to initialize an entity of type "volatile int *"
"../TempSensorMode.c", line 129: remark #1527-D: (ULP 2.1) Detected SW delay loop using __delay_cycles. Recommend using a timer module instead
"../TempSensorMode.c", line 144: remark #1530-D: (ULP 5.1) Detected divide operation(s). Recommend moving them to RAM during run time or not using as these are processing/power intensive
"../TempSensorMode.c", line 144: remark #1533-D: (ULP 6.1) Detected use of multiplication on a device that has no hardware multiplier
"../TempSensorMode.c", line 145: remark #1530-D: (ULP 5.1) Detected divide operation(s). Recommend moving them to RAM during run time or not using as these are processing/power intensive
"../TempSensorMode.c", line 145: remark #1533-D: (ULP 6.1) Detected use of multiplication on a device that has no hardware multiplier
"../TempSensorMode.c", line 210: remark #1533-D: (ULP 6.1) Detected use of multiplication on a device that has no hardware multiplier
"../TempSensorMode.c", line 217: remark #1530-D: (ULP 5.1) Detected modulo operation(s). Recommend moving them to RAM during run time or not using as these are processing/power intensive
"../TempSensorMode.c", line 219: remark #1530-D: (ULP 5.1) Detected modulo operation(s). Recommend moving them to RAM during run time or not using as these are processing/power intensive
"../TempSensorMode.c", line 221: remark #1530-D: (ULP 5.1) Detected modulo operation(s). Recommend moving them to RAM during run time or not using as these are processing/power intensive
"../TempSensorMode.c", line 223: remark #1530-D: (ULP 5.1) Detected modulo operation(s). Recommend moving them to RAM during run time or not using as these are processing/power intensive
'Finished building: ../TempSensorMode.c'
' '
'Building file: ../hal_LCD.c'
'Invoking: MSP430 Compiler'
"C:/ti/ccsv6/tools/compiler/msp430_15.12.2.LTS/bin/cl430" -vmspx --use_hw_mpy=none --include_path="C:/ti/ccsv6/ccs_base/msp430/include" --include_path="C:/Users/coryj/Documents/GitHub/CCS/OutOfBox_MSP430FR4133/driverlib/MSP430FR2xx_4xx" --include_path="C:/ti/ccsv6/tools/compiler/msp430_15.12.2.LTS/include" --advice:power="all" --advice:hw_config=all -g --define=__MSP430FR4133__ --diag_wrap=off --display_error_number --diag_warning=225 --silicon_errata=CPU21 --silicon_errata=CPU22 --silicon_errata=CPU40 --printf_support=minimal --preproc_with_compile --preproc_dependency="hal_LCD.d"  "../hal_LCD.c"
"C:\Users\coryj\Documents\GitHub\CCS\OutOfBox_MSP430FR4133\driverlib\MSP430FR2xx_4xx\inc/hw_memmap.h", line 102: warning #48-D: incompatible redefinition of macro "BAK_RAM_BASE" (declared at line 401 of "C:/ti/ccsv6/ccs_base/msp430/include/msp430fr4133.h")
"../hal_LCD.c", line 101: remark #1546-D: (ULP 15.1) Detected consecutive bitfield assigns. Recommend using bit mask instead
"../hal_LCD.c", line 102: remark #1546-D: (ULP 15.1) Detected consecutive bitfield assigns. Recommend using bit mask instead
"../hal_LCD.c", line 141: remark #1544-D: (ULP 13.1) Detected loop counting up. Recommend loops count down as detecting zeros is easier
"../hal_LCD.c", line 146: remark #1544-D: (ULP 13.1) Detected loop counting up. Recommend loops count down as detecting zeros is easier
"../hal_LCD.c", line 147: remark #2553-D: (ULP 14.1) Array index (involving "t") of type "int". Recommend using "unsigned int"
"../hal_LCD.c", line 149: remark #1544-D: (ULP 13.1) Detected loop counting up. Recommend loops count down as detecting zeros is easier
"../hal_LCD.c", line 152: remark #1545-D: (ULP 14.1) Array index of type "int". Recommend using "unsigned int"
"../hal_LCD.c", line 152: remark #2553-D: (ULP 14.1) Array index (involving "j") of type "int". Recommend using "unsigned int"
"../hal_LCD.c", line 163: remark #1527-D: (ULP 2.1) Detected SW delay loop using __delay_cycles. Recommend using a timer module instead
"../hal_LCD.c", line 140: remark #1535-D: (ULP 8.1) variable "buffer" is used as a constant. Recommend declaring variable as either 'static const' or 'const'
"../hal_LCD.c", line 146: remark #1544-D: (ULP 13.1) Detected loop counting up. Recommend loops count down as detecting zeros is easier
"../hal_LCD.c", line 147: remark #2553-D: (ULP 14.1) Array index (involving "t") of type "int". Recommend using "unsigned int"
"../hal_LCD.c", line 149: remark #1544-D: (ULP 13.1) Detected loop counting up. Recommend loops count down as detecting zeros is easier
"../hal_LCD.c", line 152: remark #1545-D: (ULP 14.1) Array index of type "int". Recommend using "unsigned int"
"../hal_LCD.c", line 152: remark #2553-D: (ULP 14.1) Array index (involving "j") of type "int". Recommend using "unsigned int"
"../hal_LCD.c", line 163: remark #1527-D: (ULP 2.1) Detected SW delay loop using __delay_cycles. Recommend using a timer module instead
"../hal_LCD.c", line 176: remark #2553-D: (ULP 14.1) Array index (involving "position") of type "int". Recommend using "unsigned int"
"../hal_LCD.c", line 176: remark #1530-D: (ULP 5.1) Detected divide operation(s). Recommend moving them to RAM during run time or not using as these are processing/power intensive
"../hal_LCD.c", line 181: remark #2553-D: (ULP 14.1) Array index (involving "position") of type "int". Recommend using "unsigned int"
"../hal_LCD.c", line 181: remark #1530-D: (ULP 5.1) Detected divide operation(s). Recommend moving them to RAM during run time or not using as these are processing/power intensive
"../hal_LCD.c", line 181: remark #2553-D: (ULP 14.1) Array index (involving "c") of type "int". Recommend using "unsigned int"
"../hal_LCD.c", line 181: remark #2553-D: (ULP 14.1) Array index (involving "c") of type "int". Recommend using "unsigned int"
"../hal_LCD.c", line 186: remark #2553-D: (ULP 14.1) Array index (involving "position") of type "int". Recommend using "unsigned int"
"../hal_LCD.c", line 186: remark #1530-D: (ULP 5.1) Detected divide operation(s). Recommend moving them to RAM during run time or not using as these are processing/power intensive
"../hal_LCD.c", line 186: remark #2553-D: (ULP 14.1) Array index (involving "c") of type "int". Recommend using "unsigned int"
"../hal_LCD.c", line 186: remark #2553-D: (ULP 14.1) Array index (involving "c") of type "int". Recommend using "unsigned int"
"../hal_LCD.c", line 191: remark #2553-D: (ULP 14.1) Array index (involving "position") of type "int". Recommend using "unsigned int"
"../hal_LCD.c", line 191: remark #1530-D: (ULP 5.1) Detected divide operation(s). Recommend moving them to RAM during run time or not using as these are processing/power intensive
'Finished building: ../hal_LCD.c'
' '
'Building file: ../main.c'
'Invoking: MSP430 Compiler'
"C:/ti/ccsv6/tools/compiler/msp430_15.12.2.LTS/bin/cl430" -vmspx --use_hw_mpy=none --include_path="C:/ti/ccsv6/ccs_base/msp430/include" --include_path="C:/Users/coryj/Documents/GitHub/CCS/OutOfBox_MSP430FR4133/driverlib/MSP430FR2xx_4xx" --include_path="C:/ti/ccsv6/tools/compiler/msp430_15.12.2.LTS/include" --advice:power="all" --advice:hw_config=all -g --define=__MSP430FR4133__ --diag_wrap=off --display_error_number --diag_warning=225 --silicon_errata=CPU21 --silicon_errata=CPU22 --silicon_errata=CPU40 --printf_support=minimal --preproc_with_compile --preproc_dependency="main.d"  "../main.c"
"C:\Users\coryj\Documents\GitHub\CCS\OutOfBox_MSP430FR4133\driverlib\MSP430FR2xx_4xx\inc/hw_memmap.h", line 102: warning #48-D: incompatible redefinition of macro "BAK_RAM_BASE" (declared at line 401 of "C:/ti/ccsv6/ccs_base/msp430/include/msp430fr4133.h")
"../main.c", line 249: remark #1538-D: (ULP 10.1) ISR PORT1_ISR calls function RTC_start. Recommend moving function call away from ISR, or inlining the function, or using pragmas
"../main.c", line 251: remark #1538-D: (ULP 10.1) ISR PORT1_ISR calls function RTC_stop. Recommend moving function call away from ISR, or inlining the function, or using pragmas
"../main.c", line 260: remark #1538-D: (ULP 10.1) ISR PORT1_ISR calls function Timer_A_initUpMode. Recommend moving function call away from ISR, or inlining the function, or using pragmas
"../main.c", line 301: remark #1538-D: (ULP 10.1) ISR PORT2_ISR calls function resetStopWatch. Recommend moving function call away from ISR, or inlining the function, or using pragmas
"../main.c", line 323: remark #1538-D: (ULP 10.1) ISR PORT2_ISR calls function displayTemp. Recommend moving function call away from ISR, or inlining the function, or using pragmas
"../main.c", line 328: remark #1538-D: (ULP 10.1) ISR PORT2_ISR calls function Timer_A_initUpMode. Recommend moving function call away from ISR, or inlining the function, or using pragmas
"../main.c", line 349: remark #1538-D: (ULP 10.1) ISR TIMER0_A0_ISR calls function Timer_A_stop. Recommend moving function call away from ISR, or inlining the function, or using pragmas
"../main.c", line 358: remark #1538-D: (ULP 10.1) ISR TIMER0_A0_ISR calls function RTC_stop. Recommend moving function call away from ISR, or inlining the function, or using pragmas
"../main.c", line 387: remark #1538-D: (ULP 10.1) ISR TIMER0_A0_ISR calls function Timer_A_stop. Recommend moving function call away from ISR, or inlining the function, or using pragmas
"../main.c", line 425: warning #69-D: integer conversion resulted in a change of sign
"../main.c", line 419: remark #1538-D: (ULP 10.1) ISR RTC_ISR calls function RTC_setModulo. Recommend moving function call away from ISR, or inlining the function, or using pragmas
"../main.c", line 424: remark #1538-D: (ULP 10.1) ISR RTC_ISR calls function RTC_setModulo. Recommend moving function call away from ISR, or inlining the function, or using pragmas
"../main.c", line 465: remark #1538-D: (ULP 10.1) ISR ADC_ISR calls function ADC_clearInterrupt. Recommend moving function call away from ISR, or inlining the function, or using pragmas
'Finished building: ../main.c'
' '
'Building file: ../driverlib/MSP430FR2xx_4xx/adc.c'
'Invoking: MSP430 Compiler'
"C:/ti/ccsv6/tools/compiler/msp430_15.12.2.LTS/bin/cl430" -vmspx --use_hw_mpy=none --include_path="C:/ti/ccsv6/ccs_base/msp430/include" --include_path="C:/Users/coryj/Documents/GitHub/CCS/OutOfBox_MSP430FR4133/driverlib/MSP430FR2xx_4xx" --include_path="C:/ti/ccsv6/tools/compiler/msp430_15.12.2.LTS/include" --advice:power="all" --advice:hw_config=all -g --define=__MSP430FR4133__ --diag_wrap=off --display_error_number --diag_warning=225 --silicon_errata=CPU21 --silicon_errata=CPU22 --silicon_errata=CPU40 --printf_support=minimal --preproc_with_compile --preproc_dependency="driverlib/MSP430FR2xx_4xx/adc.d" --obj_directory="driverlib/MSP430FR2xx_4xx"  "../driverlib/MSP430FR2xx_4xx/adc.c"
"..\driverlib\MSP430FR2xx_4xx\inc/hw_memmap.h", line 102: warning #48-D: incompatible redefinition of macro "BAK_RAM_BASE" (declared at line 401 of "C:/ti/ccsv6/ccs_base/msp430/include/msp430fr4133.h")
"../driverlib/MSP430FR2xx_4xx/adc.c", line 273: remark #1528-D: (ULP 3.1) Detected flag polling using ADCBUSY. Recommend using an interrupt combined with enter LPMx and ISR
'Finished building: ../driverlib/MSP430FR2xx_4xx/adc.c'
' '
'Building file: ../driverlib/MSP430FR2xx_4xx/crc.c'
'Invoking: MSP430 Compiler'
"C:/ti/ccsv6/tools/compiler/msp430_15.12.2.LTS/bin/cl430" -vmspx --use_hw_mpy=none --include_path="C:/ti/ccsv6/ccs_base/msp430/include" --include_path="C:/Users/coryj/Documents/GitHub/CCS/OutOfBox_MSP430FR4133/driverlib/MSP430FR2xx_4xx" --include_path="C:/ti/ccsv6/tools/compiler/msp430_15.12.2.LTS/include" --advice:power="all" --advice:hw_config=all -g --define=__MSP430FR4133__ --diag_wrap=off --display_error_number --diag_warning=225 --silicon_errata=CPU21 --silicon_errata=CPU22 --silicon_errata=CPU40 --printf_support=minimal --preproc_with_compile --preproc_dependency="driverlib/MSP430FR2xx_4xx/crc.d" --obj_directory="driverlib/MSP430FR2xx_4xx"  "../driverlib/MSP430FR2xx_4xx/crc.c"
"..\driverlib\MSP430FR2xx_4xx\inc/hw_memmap.h", line 102: warning #48-D: incompatible redefinition of macro "BAK_RAM_BASE" (declared at line 401 of "C:/ti/ccsv6/ccs_base/msp430/include/msp430fr4133.h")
'Finished building: ../driverlib/MSP430FR2xx_4xx/crc.c'
' '
'Building file: ../driverlib/MSP430FR2xx_4xx/cs.c'
'Invoking: MSP430 Compiler'
"C:/ti/ccsv6/tools/compiler/msp430_15.12.2.LTS/bin/cl430" -vmspx --use_hw_mpy=none --include_path="C:/ti/ccsv6/ccs_base/msp430/include" --include_path="C:/Users/coryj/Documents/GitHub/CCS/OutOfBox_MSP430FR4133/driverlib/MSP430FR2xx_4xx" --include_path="C:/ti/ccsv6/tools/compiler/msp430_15.12.2.LTS/include" --advice:power="all" --advice:hw_config=all -g --define=__MSP430FR4133__ --diag_wrap=off --display_error_number --diag_warning=225 --silicon_errata=CPU21 --silicon_errata=CPU22 --silicon_errata=CPU40 --printf_support=minimal --preproc_with_compile --preproc_dependency="driverlib/MSP430FR2xx_4xx/cs.d" --obj_directory="driverlib/MSP430FR2xx_4xx"  "../driverlib/MSP430FR2xx_4xx/cs.c"
"..\driverlib\MSP430FR2xx_4xx\inc/hw_memmap.h", line 102: warning #48-D: incompatible redefinition of macro "BAK_RAM_BASE" (declared at line 401 of "C:/ti/ccsv6/ccs_base/msp430/include/msp430fr4133.h")
"../driverlib/MSP430FR2xx_4xx/cs.c", line 119: remark #1530-D: (ULP 5.1) Detected divide operation(s). Recommend moving them to RAM during run time or not using as these are processing/power intensive
"../driverlib/MSP430FR2xx_4xx/cs.c", line 119: remark #1533-D: (ULP 6.1) Detected use of multiplication on a device that has no hardware multiplier
"../driverlib/MSP430FR2xx_4xx/cs.c", line 133: remark #1530-D: (ULP 5.1) Detected divide operation(s). Recommend moving them to RAM during run time or not using as these are processing/power intensive
"../driverlib/MSP430FR2xx_4xx/cs.c", line 154: remark #1530-D: (ULP 5.1) Detected divide operation(s). Recommend moving them to RAM during run time or not using as these are processing/power intensive
"../driverlib/MSP430FR2xx_4xx/cs.c", line 158: remark #1530-D: (ULP 5.1) Detected divide operation(s). Recommend moving them to RAM during run time or not using as these are processing/power intensive
"../driverlib/MSP430FR2xx_4xx/cs.c", line 163: remark #1530-D: (ULP 5.1) Detected divide operation(s). Recommend moving them to RAM during run time or not using as these are processing/power intensive
"../driverlib/MSP430FR2xx_4xx/cs.c", line 427: remark #1535-D: (ULP 8.1) variable "dco_FLLD" is used as a constant. Recommend declaring variable as either 'static const' or 'const'
'Finished building: ../driverlib/MSP430FR2xx_4xx/cs.c'
' '
'Building file: ../driverlib/MSP430FR2xx_4xx/eusci_a_spi.c'
'Invoking: MSP430 Compiler'
"C:/ti/ccsv6/tools/compiler/msp430_15.12.2.LTS/bin/cl430" -vmspx --use_hw_mpy=none --include_path="C:/ti/ccsv6/ccs_base/msp430/include" --include_path="C:/Users/coryj/Documents/GitHub/CCS/OutOfBox_MSP430FR4133/driverlib/MSP430FR2xx_4xx" --include_path="C:/ti/ccsv6/tools/compiler/msp430_15.12.2.LTS/include" --advice:power="all" --advice:hw_config=all -g --define=__MSP430FR4133__ --diag_wrap=off --display_error_number --diag_warning=225 --silicon_errata=CPU21 --silicon_errata=CPU22 --silicon_errata=CPU40 --printf_support=minimal --preproc_with_compile --preproc_dependency="driverlib/MSP430FR2xx_4xx/eusci_a_spi.d" --obj_directory="driverlib/MSP430FR2xx_4xx"  "../driverlib/MSP430FR2xx_4xx/eusci_a_spi.c"
"..\driverlib\MSP430FR2xx_4xx\inc/hw_memmap.h", line 102: warning #48-D: incompatible redefinition of macro "BAK_RAM_BASE" (declared at line 401 of "C:/ti/ccsv6/ccs_base/msp430/include/msp430fr4133.h")
"../driverlib/MSP430FR2xx_4xx/eusci_a_spi.c", line 70: remark #1530-D: (ULP 5.1) Detected divide operation(s). Recommend moving them to RAM during run time or not using as these are processing/power intensive
"../driverlib/MSP430FR2xx_4xx/eusci_a_spi.c", line 105: remark #1530-D: (ULP 5.1) Detected divide operation(s). Recommend moving them to RAM during run time or not using as these are processing/power intensive
'Finished building: ../driverlib/MSP430FR2xx_4xx/eusci_a_spi.c'
' '
'Building file: ../driverlib/MSP430FR2xx_4xx/eusci_a_uart.c'
'Invoking: MSP430 Compiler'
"C:/ti/ccsv6/tools/compiler/msp430_15.12.2.LTS/bin/cl430" -vmspx --use_hw_mpy=none --include_path="C:/ti/ccsv6/ccs_base/msp430/include" --include_path="C:/Users/coryj/Documents/GitHub/CCS/OutOfBox_MSP430FR4133/driverlib/MSP430FR2xx_4xx" --include_path="C:/ti/ccsv6/tools/compiler/msp430_15.12.2.LTS/include" --advice:power="all" --advice:hw_config=all -g --define=__MSP430FR4133__ --diag_wrap=off --display_error_number --diag_warning=225 --silicon_errata=CPU21 --silicon_errata=CPU22 --silicon_errata=CPU40 --printf_support=minimal --preproc_with_compile --preproc_dependency="driverlib/MSP430FR2xx_4xx/eusci_a_uart.d" --obj_directory="driverlib/MSP430FR2xx_4xx"  "../driverlib/MSP430FR2xx_4xx/eusci_a_uart.c"
"..\driverlib\MSP430FR2xx_4xx\inc/hw_memmap.h", line 102: warning #48-D: incompatible redefinition of macro "BAK_RAM_BASE" (declared at line 401 of "C:/ti/ccsv6/ccs_base/msp430/include/msp430fr4133.h")
"../driverlib/MSP430FR2xx_4xx/eusci_a_uart.c", line 56: remark #1535-D: (ULP 8.1) variable "retVal" is used as a constant. Recommend declaring variable as either 'static const' or 'const'
"../driverlib/MSP430FR2xx_4xx/eusci_a_uart.c", line 122: remark #1528-D: (ULP 3.1) Detected flag polling using UCTXIFG. Recommend using an interrupt combined with enter LPMx and ISR
"../driverlib/MSP430FR2xx_4xx/eusci_a_uart.c", line 137: remark #1528-D: (ULP 3.1) Detected flag polling using UCRXIFG. Recommend using an interrupt combined with enter LPMx and ISR
"../driverlib/MSP430FR2xx_4xx/eusci_a_uart.c", line 252: remark #1528-D: (ULP 3.1) Detected flag polling using UCTXIFG. Recommend using an interrupt combined with enter LPMx and ISR
'Finished building: ../driverlib/MSP430FR2xx_4xx/eusci_a_uart.c'
' '
'Building file: ../driverlib/MSP430FR2xx_4xx/eusci_b_i2c.c'
'Invoking: MSP430 Compiler'
"C:/ti/ccsv6/tools/compiler/msp430_15.12.2.LTS/bin/cl430" -vmspx --use_hw_mpy=none --include_path="C:/ti/ccsv6/ccs_base/msp430/include" --include_path="C:/Users/coryj/Documents/GitHub/CCS/OutOfBox_MSP430FR4133/driverlib/MSP430FR2xx_4xx" --include_path="C:/ti/ccsv6/tools/compiler/msp430_15.12.2.LTS/include" --advice:power="all" --advice:hw_config=all -g --define=__MSP430FR4133__ --diag_wrap=off --display_error_number --diag_warning=225 --silicon_errata=CPU21 --silicon_errata=CPU22 --silicon_errata=CPU40 --printf_support=minimal --preproc_with_compile --preproc_dependency="driverlib/MSP430FR2xx_4xx/eusci_b_i2c.d" --obj_directory="driverlib/MSP430FR2xx_4xx"  "../driverlib/MSP430FR2xx_4xx/eusci_b_i2c.c"
"..\driverlib\MSP430FR2xx_4xx\inc/hw_memmap.h", line 102: warning #48-D: incompatible redefinition of macro "BAK_RAM_BASE" (declared at line 401 of "C:/ti/ccsv6/ccs_base/msp430/include/msp430fr4133.h")
"../driverlib/MSP430FR2xx_4xx/eusci_b_i2c.c", line 85: remark #1530-D: (ULP 5.1) Detected divide operation(s). Recommend moving them to RAM during run time or not using as these are processing/power intensive
"../driverlib/MSP430FR2xx_4xx/eusci_b_i2c.c", line 208: remark #1528-D: (ULP 3.1) Detected flag polling using UCTXIFG. Recommend using an interrupt combined with enter LPMx and ISR
"../driverlib/MSP430FR2xx_4xx/eusci_b_i2c.c", line 217: remark #1528-D: (ULP 3.1) Detected flag polling using UCTXIFG. Recommend using an interrupt combined with enter LPMx and ISR
"../driverlib/MSP430FR2xx_4xx/eusci_b_i2c.c", line 241: remark #1528-D: (ULP 3.1) Detected flag polling using UCRXIFG. Recommend using an interrupt combined with enter LPMx and ISR
"../driverlib/MSP430FR2xx_4xx/eusci_b_i2c.c", line 267: remark #1528-D: (ULP 3.1) Detected flag polling using UCTXIFG. Recommend using an interrupt combined with enter LPMx and ISR
"../driverlib/MSP430FR2xx_4xx/eusci_b_i2c.c", line 282: remark #1528-D: (ULP 3.1) Detected flag polling using UCTXIFG. Recommend using an interrupt combined with enter LPMx and ISR
"../driverlib/MSP430FR2xx_4xx/eusci_b_i2c.c", line 318: remark #1528-D: (ULP 3.1) Detected flag polling using UCTXIFG. Recommend using an interrupt combined with enter LPMx and ISR
"../driverlib/MSP430FR2xx_4xx/eusci_b_i2c.c", line 344: remark #1528-D: (ULP 3.1) Detected flag polling using UCTXIFG. Recommend using an interrupt combined with enter LPMx and ISR
"../driverlib/MSP430FR2xx_4xx/eusci_b_i2c.c", line 371: remark #1528-D: (ULP 3.1) Detected flag polling using UCTXIFG. Recommend using an interrupt combined with enter LPMx and ISR
"../driverlib/MSP430FR2xx_4xx/eusci_b_i2c.c", line 389: remark #1528-D: (ULP 3.1) Detected flag polling using UCTXIFG. Recommend using an interrupt combined with enter LPMx and ISR
"../driverlib/MSP430FR2xx_4xx/eusci_b_i2c.c", line 414: remark #1528-D: (ULP 3.1) Detected flag polling using UCTXIFG. Recommend using an interrupt combined with enter LPMx and ISR
"../driverlib/MSP430FR2xx_4xx/eusci_b_i2c.c", line 424: remark #1528-D: (ULP 3.1) Detected flag polling using UCTXIFG. Recommend using an interrupt combined with enter LPMx and ISR
"../driverlib/MSP430FR2xx_4xx/eusci_b_i2c.c", line 443: remark #1528-D: (ULP 3.1) Detected flag polling using UCTXIFG. Recommend using an interrupt combined with enter LPMx and ISR
"../driverlib/MSP430FR2xx_4xx/eusci_b_i2c.c", line 459: remark #1528-D: (ULP 3.1) Detected flag polling using UCTXIFG. Recommend using an interrupt combined with enter LPMx and ISR
"../driverlib/MSP430FR2xx_4xx/eusci_b_i2c.c", line 487: remark #1528-D: (ULP 3.1) Detected flag polling using UCTXIFG. Recommend using an interrupt combined with enter LPMx and ISR
"../driverlib/MSP430FR2xx_4xx/eusci_b_i2c.c", line 504: remark #1528-D: (ULP 3.1) Detected flag polling using UCTXIFG. Recommend using an interrupt combined with enter LPMx and ISR
"../driverlib/MSP430FR2xx_4xx/eusci_b_i2c.c", line 544: remark #1528-D: (ULP 3.1) Detected flag polling using UCRXIFG. Recommend using an interrupt combined with enter LPMx and ISR
"../driverlib/MSP430FR2xx_4xx/eusci_b_i2c.c", line 541: remark #1527-D: (ULP 2.1) Detected SW delay loop using empty loop. Recommend using a timer module instead
"../driverlib/MSP430FR2xx_4xx/eusci_b_i2c.c", line 577: remark #1528-D: (ULP 3.1) Detected flag polling using UCRXIFG. Recommend using an interrupt combined with enter LPMx and ISR
"../driverlib/MSP430FR2xx_4xx/eusci_b_i2c.c", line 565: remark #1527-D: (ULP 2.1) Detected SW delay loop using empty loop. Recommend using a timer module instead
"../driverlib/MSP430FR2xx_4xx/eusci_b_i2c.c", line 618: remark #1528-D: (ULP 3.1) Detected flag polling using UCRXIFG0. Recommend using an interrupt combined with enter LPMx and ISR
'Finished building: ../driverlib/MSP430FR2xx_4xx/eusci_b_i2c.c'
' '
'Building file: ../driverlib/MSP430FR2xx_4xx/eusci_b_spi.c'
'Invoking: MSP430 Compiler'
"C:/ti/ccsv6/tools/compiler/msp430_15.12.2.LTS/bin/cl430" -vmspx --use_hw_mpy=none --include_path="C:/ti/ccsv6/ccs_base/msp430/include" --include_path="C:/Users/coryj/Documents/GitHub/CCS/OutOfBox_MSP430FR4133/driverlib/MSP430FR2xx_4xx" --include_path="C:/ti/ccsv6/tools/compiler/msp430_15.12.2.LTS/include" --advice:power="all" --advice:hw_config=all -g --define=__MSP430FR4133__ --diag_wrap=off --display_error_number --diag_warning=225 --silicon_errata=CPU21 --silicon_errata=CPU22 --silicon_errata=CPU40 --printf_support=minimal --preproc_with_compile --preproc_dependency="driverlib/MSP430FR2xx_4xx/eusci_b_spi.d" --obj_directory="driverlib/MSP430FR2xx_4xx"  "../driverlib/MSP430FR2xx_4xx/eusci_b_spi.c"
"..\driverlib\MSP430FR2xx_4xx\inc/hw_memmap.h", line 102: warning #48-D: incompatible redefinition of macro "BAK_RAM_BASE" (declared at line 401 of "C:/ti/ccsv6/ccs_base/msp430/include/msp430fr4133.h")
"../driverlib/MSP430FR2xx_4xx/eusci_b_spi.c", line 70: remark #1530-D: (ULP 5.1) Detected divide operation(s). Recommend moving them to RAM during run time or not using as these are processing/power intensive
"../driverlib/MSP430FR2xx_4xx/eusci_b_spi.c", line 103: remark #1530-D: (ULP 5.1) Detected divide operation(s). Recommend moving them to RAM during run time or not using as these are processing/power intensive
'Finished building: ../driverlib/MSP430FR2xx_4xx/eusci_b_spi.c'
' '
'Building file: ../driverlib/MSP430FR2xx_4xx/framctl.c'
'Invoking: MSP430 Compiler'
"C:/ti/ccsv6/tools/compiler/msp430_15.12.2.LTS/bin/cl430" -vmspx --use_hw_mpy=none --include_path="C:/ti/ccsv6/ccs_base/msp430/include" --include_path="C:/Users/coryj/Documents/GitHub/CCS/OutOfBox_MSP430FR4133/driverlib/MSP430FR2xx_4xx" --include_path="C:/ti/ccsv6/tools/compiler/msp430_15.12.2.LTS/include" --advice:power="all" --advice:hw_config=all -g --define=__MSP430FR4133__ --diag_wrap=off --display_error_number --diag_warning=225 --silicon_errata=CPU21 --silicon_errata=CPU22 --silicon_errata=CPU40 --printf_support=minimal --preproc_with_compile --preproc_dependency="driverlib/MSP430FR2xx_4xx/framctl.d" --obj_directory="driverlib/MSP430FR2xx_4xx"  "../driverlib/MSP430FR2xx_4xx/framctl.c"
"..\driverlib\MSP430FR2xx_4xx\inc/hw_memmap.h", line 102: warning #48-D: incompatible redefinition of macro "BAK_RAM_BASE" (declared at line 401 of "C:/ti/ccsv6/ccs_base/msp430/include/msp430fr4133.h")
'Finished building: ../driverlib/MSP430FR2xx_4xx/framctl.c'
' '
'Building file: ../driverlib/MSP430FR2xx_4xx/gpio.c'
'Invoking: MSP430 Compiler'
"C:/ti/ccsv6/tools/compiler/msp430_15.12.2.LTS/bin/cl430" -vmspx --use_hw_mpy=none --include_path="C:/ti/ccsv6/ccs_base/msp430/include" --include_path="C:/Users/coryj/Documents/GitHub/CCS/OutOfBox_MSP430FR4133/driverlib/MSP430FR2xx_4xx" --include_path="C:/ti/ccsv6/tools/compiler/msp430_15.12.2.LTS/include" --advice:power="all" --advice:hw_config=all -g --define=__MSP430FR4133__ --diag_wrap=off --display_error_number --diag_warning=225 --silicon_errata=CPU21 --silicon_errata=CPU22 --silicon_errata=CPU40 --printf_support=minimal --preproc_with_compile --preproc_dependency="driverlib/MSP430FR2xx_4xx/gpio.d" --obj_directory="driverlib/MSP430FR2xx_4xx"  "../driverlib/MSP430FR2xx_4xx/gpio.c"
"..\driverlib\MSP430FR2xx_4xx\inc/hw_memmap.h", line 102: warning #48-D: incompatible redefinition of macro "BAK_RAM_BASE" (declared at line 401 of "C:/ti/ccsv6/ccs_base/msp430/include/msp430fr4133.h")
'Finished building: ../driverlib/MSP430FR2xx_4xx/gpio.c'
' '
'Building file: ../driverlib/MSP430FR2xx_4xx/lcd_e.c'
'Invoking: MSP430 Compiler'
"C:/ti/ccsv6/tools/compiler/msp430_15.12.2.LTS/bin/cl430" -vmspx --use_hw_mpy=none --include_path="C:/ti/ccsv6/ccs_base/msp430/include" --include_path="C:/Users/coryj/Documents/GitHub/CCS/OutOfBox_MSP430FR4133/driverlib/MSP430FR2xx_4xx" --include_path="C:/ti/ccsv6/tools/compiler/msp430_15.12.2.LTS/include" --advice:power="all" --advice:hw_config=all -g --define=__MSP430FR4133__ --diag_wrap=off --display_error_number --diag_warning=225 --silicon_errata=CPU21 --silicon_errata=CPU22 --silicon_errata=CPU40 --printf_support=minimal --preproc_with_compile --preproc_dependency="driverlib/MSP430FR2xx_4xx/lcd_e.d" --obj_directory="driverlib/MSP430FR2xx_4xx"  "../driverlib/MSP430FR2xx_4xx/lcd_e.c"
"..\driverlib\MSP430FR2xx_4xx\inc/hw_memmap.h", line 102: warning #48-D: incompatible redefinition of macro "BAK_RAM_BASE" (declared at line 401 of "C:/ti/ccsv6/ccs_base/msp430/include/msp430fr4133.h")
"../driverlib/MSP430FR2xx_4xx/lcd_e.c", line 368: remark #1530-D: (ULP 5.1) Detected divide operation(s). Recommend moving them to RAM during run time or not using as these are processing/power intensive
"../driverlib/MSP430FR2xx_4xx/lcd_e.c", line 369: remark #1530-D: (ULP 5.1) Detected divide operation(s). Recommend moving them to RAM during run time or not using as these are processing/power intensive
"../driverlib/MSP430FR2xx_4xx/lcd_e.c", line 373: remark #1530-D: (ULP 5.1) Detected divide operation(s). Recommend moving them to RAM during run time or not using as these are processing/power intensive
"../driverlib/MSP430FR2xx_4xx/lcd_e.c", line 374: remark #1530-D: (ULP 5.1) Detected divide operation(s). Recommend moving them to RAM during run time or not using as these are processing/power intensive
'Finished building: ../driverlib/MSP430FR2xx_4xx/lcd_e.c'
' '
'Building file: ../driverlib/MSP430FR2xx_4xx/pmm.c'
'Invoking: MSP430 Compiler'
"C:/ti/ccsv6/tools/compiler/msp430_15.12.2.LTS/bin/cl430" -vmspx --use_hw_mpy=none --include_path="C:/ti/ccsv6/ccs_base/msp430/include" --include_path="C:/Users/coryj/Documents/GitHub/CCS/OutOfBox_MSP430FR4133/driverlib/MSP430FR2xx_4xx" --include_path="C:/ti/ccsv6/tools/compiler/msp430_15.12.2.LTS/include" --advice:power="all" --advice:hw_config=all -g --define=__MSP430FR4133__ --diag_wrap=off --display_error_number --diag_warning=225 --silicon_errata=CPU21 --silicon_errata=CPU22 --silicon_errata=CPU40 --printf_support=minimal --preproc_with_compile --preproc_dependency="driverlib/MSP430FR2xx_4xx/pmm.d" --obj_directory="driverlib/MSP430FR2xx_4xx"  "../driverlib/MSP430FR2xx_4xx/pmm.c"
"..\driverlib\MSP430FR2xx_4xx\inc/hw_memmap.h", line 102: warning #48-D: incompatible redefinition of macro "BAK_RAM_BASE" (declared at line 401 of "C:/ti/ccsv6/ccs_base/msp430/include/msp430fr4133.h")
'Finished building: ../driverlib/MSP430FR2xx_4xx/pmm.c'
' '
'Building file: ../driverlib/MSP430FR2xx_4xx/rtc.c'
'Invoking: MSP430 Compiler'
"C:/ti/ccsv6/tools/compiler/msp430_15.12.2.LTS/bin/cl430" -vmspx --use_hw_mpy=none --include_path="C:/ti/ccsv6/ccs_base/msp430/include" --include_path="C:/Users/coryj/Documents/GitHub/CCS/OutOfBox_MSP430FR4133/driverlib/MSP430FR2xx_4xx" --include_path="C:/ti/ccsv6/tools/compiler/msp430_15.12.2.LTS/include" --advice:power="all" --advice:hw_config=all -g --define=__MSP430FR4133__ --diag_wrap=off --display_error_number --diag_warning=225 --silicon_errata=CPU21 --silicon_errata=CPU22 --silicon_errata=CPU40 --printf_support=minimal --preproc_with_compile --preproc_dependency="driverlib/MSP430FR2xx_4xx/rtc.d" --obj_directory="driverlib/MSP430FR2xx_4xx"  "../driverlib/MSP430FR2xx_4xx/rtc.c"
"..\driverlib\MSP430FR2xx_4xx\inc/hw_memmap.h", line 102: warning #48-D: incompatible redefinition of macro "BAK_RAM_BASE" (declared at line 401 of "C:/ti/ccsv6/ccs_base/msp430/include/msp430fr4133.h")
'Finished building: ../driverlib/MSP430FR2xx_4xx/rtc.c'
' '
'Building file: ../driverlib/MSP430FR2xx_4xx/sfr.c'
'Invoking: MSP430 Compiler'
"C:/ti/ccsv6/tools/compiler/msp430_15.12.2.LTS/bin/cl430" -vmspx --use_hw_mpy=none --include_path="C:/ti/ccsv6/ccs_base/msp430/include" --include_path="C:/Users/coryj/Documents/GitHub/CCS/OutOfBox_MSP430FR4133/driverlib/MSP430FR2xx_4xx" --include_path="C:/ti/ccsv6/tools/compiler/msp430_15.12.2.LTS/include" --advice:power="all" --advice:hw_config=all -g --define=__MSP430FR4133__ --diag_wrap=off --display_error_number --diag_warning=225 --silicon_errata=CPU21 --silicon_errata=CPU22 --silicon_errata=CPU40 --printf_support=minimal --preproc_with_compile --preproc_dependency="driverlib/MSP430FR2xx_4xx/sfr.d" --obj_directory="driverlib/MSP430FR2xx_4xx"  "../driverlib/MSP430FR2xx_4xx/sfr.c"
"..\driverlib\MSP430FR2xx_4xx\inc/hw_memmap.h", line 102: warning #48-D: incompatible redefinition of macro "BAK_RAM_BASE" (declared at line 401 of "C:/ti/ccsv6/ccs_base/msp430/include/msp430fr4133.h")
'Finished building: ../driverlib/MSP430FR2xx_4xx/sfr.c'
' '
'Building file: ../driverlib/MSP430FR2xx_4xx/sysctl.c'
'Invoking: MSP430 Compiler'
"C:/ti/ccsv6/tools/compiler/msp430_15.12.2.LTS/bin/cl430" -vmspx --use_hw_mpy=none --include_path="C:/ti/ccsv6/ccs_base/msp430/include" --include_path="C:/Users/coryj/Documents/GitHub/CCS/OutOfBox_MSP430FR4133/driverlib/MSP430FR2xx_4xx" --include_path="C:/ti/ccsv6/tools/compiler/msp430_15.12.2.LTS/include" --advice:power="all" --advice:hw_config=all -g --define=__MSP430FR4133__ --diag_wrap=off --display_error_number --diag_warning=225 --silicon_errata=CPU21 --silicon_errata=CPU22 --silicon_errata=CPU40 --printf_support=minimal --preproc_with_compile --preproc_dependency="driverlib/MSP430FR2xx_4xx/sysctl.d" --obj_directory="driverlib/MSP430FR2xx_4xx"  "../driverlib/MSP430FR2xx_4xx/sysctl.c"
"..\driverlib\MSP430FR2xx_4xx\inc/hw_memmap.h", line 102: warning #48-D: incompatible redefinition of macro "BAK_RAM_BASE" (declared at line 401 of "C:/ti/ccsv6/ccs_base/msp430/include/msp430fr4133.h")
'Finished building: ../driverlib/MSP430FR2xx_4xx/sysctl.c'
' '
'Building file: ../driverlib/MSP430FR2xx_4xx/timer_a.c'
'Invoking: MSP430 Compiler'
"C:/ti/ccsv6/tools/compiler/msp430_15.12.2.LTS/bin/cl430" -vmspx --use_hw_mpy=none --include_path="C:/ti/ccsv6/ccs_base/msp430/include" --include_path="C:/Users/coryj/Documents/GitHub/CCS/OutOfBox_MSP430FR4133/driverlib/MSP430FR2xx_4xx" --include_path="C:/ti/ccsv6/tools/compiler/msp430_15.12.2.LTS/include" --advice:power="all" --advice:hw_config=all -g --define=__MSP430FR4133__ --diag_wrap=off --display_error_number --diag_warning=225 --silicon_errata=CPU21 --silicon_errata=CPU22 --silicon_errata=CPU40 --printf_support=minimal --preproc_with_compile --preproc_dependency="driverlib/MSP430FR2xx_4xx/timer_a.d" --obj_directory="driverlib/MSP430FR2xx_4xx"  "../driverlib/MSP430FR2xx_4xx/timer_a.c"
"..\driverlib\MSP430FR2xx_4xx\inc/hw_memmap.h", line 102: warning #48-D: incompatible redefinition of macro "BAK_RAM_BASE" (declared at line 401 of "C:/ti/ccsv6/ccs_base/msp430/include/msp430fr4133.h")
'Finished building: ../driverlib/MSP430FR2xx_4xx/timer_a.c'
' '
'Building file: ../driverlib/MSP430FR2xx_4xx/tlv.c'
'Invoking: MSP430 Compiler'
"C:/ti/ccsv6/tools/compiler/msp430_15.12.2.LTS/bin/cl430" -vmspx --use_hw_mpy=none --include_path="C:/ti/ccsv6/ccs_base/msp430/include" --include_path="C:/Users/coryj/Documents/GitHub/CCS/OutOfBox_MSP430FR4133/driverlib/MSP430FR2xx_4xx" --include_path="C:/ti/ccsv6/tools/compiler/msp430_15.12.2.LTS/include" --advice:power="all" --advice:hw_config=all -g --define=__MSP430FR4133__ --diag_wrap=off --display_error_number --diag_warning=225 --silicon_errata=CPU21 --silicon_errata=CPU22 --silicon_errata=CPU40 --printf_support=minimal --preproc_with_compile --preproc_dependency="driverlib/MSP430FR2xx_4xx/tlv.d" --obj_directory="driverlib/MSP430FR2xx_4xx"  "../driverlib/MSP430FR2xx_4xx/tlv.c"
"..\driverlib\MSP430FR2xx_4xx\inc/hw_memmap.h", line 102: warning #48-D: incompatible redefinition of macro "BAK_RAM_BASE" (declared at line 401 of "C:/ti/ccsv6/ccs_base/msp430/include/msp430fr4133.h")
'Finished building: ../driverlib/MSP430FR2xx_4xx/tlv.c'
' '
'Building file: ../driverlib/MSP430FR2xx_4xx/wdt_a.c'
'Invoking: MSP430 Compiler'
"C:/ti/ccsv6/tools/compiler/msp430_15.12.2.LTS/bin/cl430" -vmspx --use_hw_mpy=none --include_path="C:/ti/ccsv6/ccs_base/msp430/include" --include_path="C:/Users/coryj/Documents/GitHub/CCS/OutOfBox_MSP430FR4133/driverlib/MSP430FR2xx_4xx" --include_path="C:/ti/ccsv6/tools/compiler/msp430_15.12.2.LTS/include" --advice:power="all" --advice:hw_config=all -g --define=__MSP430FR4133__ --diag_wrap=off --display_error_number --diag_warning=225 --silicon_errata=CPU21 --silicon_errata=CPU22 --silicon_errata=CPU40 --printf_support=minimal --preproc_with_compile --preproc_dependency="driverlib/MSP430FR2xx_4xx/wdt_a.d" --obj_directory="driverlib/MSP430FR2xx_4xx"  "../driverlib/MSP430FR2xx_4xx/wdt_a.c"
"..\driverlib\MSP430FR2xx_4xx\inc/hw_memmap.h", line 102: warning #48-D: incompatible redefinition of macro "BAK_RAM_BASE" (declared at line 401 of "C:/ti/ccsv6/ccs_base/msp430/include/msp430fr4133.h")
'Finished building: ../driverlib/MSP430FR2xx_4xx/wdt_a.c'
' '
'Building target: OutOfBox_MSP430FR4133.out'
'Invoking: MSP430 Linker'
"C:/ti/ccsv6/tools/compiler/msp430_15.12.2.LTS/bin/cl430" -vmspx --use_hw_mpy=none --advice:power="all" --advice:hw_config=all -g --define=__MSP430FR4133__ --diag_wrap=off --display_error_number --diag_warning=225 --silicon_errata=CPU21 --silicon_errata=CPU22 --silicon_errata=CPU40 --printf_support=minimal -z -m"OutOfBox_MSP430FR4133.map" --stack_size=160 --heap_size=160 --cinit_hold_wdt=on -i"C:/ti/ccsv6/ccs_base/msp430/include" -i"C:/ti/ccsv6/tools/compiler/msp430_15.12.2.LTS/lib" -i"C:/ti/ccsv6/tools/compiler/msp430_15.12.2.LTS/include" --reread_libs --display_error_number --warn_sections --diag_wrap=off --xml_link_info="OutOfBox_MSP430FR4133_linkInfo.xml" --use_hw_mpy=none --rom_model -o "OutOfBox_MSP430FR4133.out" "./StopWatchMode.obj" "./TempSensorMode.obj" "./hal_LCD.obj" "./main.obj" "./driverlib/MSP430FR2xx_4xx/adc.obj" "./driverlib/MSP430FR2xx_4xx/crc.obj" "./driverlib/MSP430FR2xx_4xx/cs.obj" "./driverlib/MSP430FR2xx_4xx/eusci_a_spi.obj" "./driverlib/MSP430FR2xx_4xx/eusci_a_uart.obj" "./driverlib/MSP430FR2xx_4xx/eusci_b_i2c.obj" "./driverlib/MSP430FR2xx_4xx/eusci_b_spi.obj" "./driverlib/MSP430FR2xx_4xx/framctl.obj" "./driverlib/MSP430FR2xx_4xx/gpio.obj" "./driverlib/MSP430FR2xx_4xx/lcd_e.obj" "./driverlib/MSP430FR2xx_4xx/pmm.obj" "./driverlib/MSP430FR2xx_4xx/rtc.obj" "./driverlib/MSP430FR2xx_4xx/sfr.obj" "./driverlib/MSP430FR2xx_4xx/sysctl.obj" "./driverlib/MSP430FR2xx_4xx/timer_a.obj" "./driverlib/MSP430FR2xx_4xx/tlv.obj" "./driverlib/MSP430FR2xx_4xx/wdt_a.obj" "../lnk_msp430fr4133.cmd"  -llibc.a 
<Linking>
warning #10420-D: For FRAM devices, at start up, the GPO power-on default high-impedance mode needs to be disabled to activate previously configured port settings. This can be done by clearing the LOCKLPM5 bit in PM5CTL0 register.
remark #10372-D: (ULP 4.1) Detected uninitialized Port A in this project. Recommend initializing all unused ports to eliminate wasted current consumption on unused pins.
remark #10372-D: (ULP 4.1) Detected uninitialized Port B in this project. Recommend initializing all unused ports to eliminate wasted current consumption on unused pins.
remark #10372-D: (ULP 4.1) Detected uninitialized Port C in this project. Recommend initializing all unused ports to eliminate wasted current consumption on unused pins.
remark #10372-D: (ULP 4.1) Detected uninitialized Port D in this project. Recommend initializing all unused ports to eliminate wasted current consumption on unused pins.
'Finished building target: OutOfBox_MSP430FR4133.out'
' '
'Invoking: MSP430 Hex Utility'
"C:/ti/ccsv6/tools/compiler/msp430_15.12.2.LTS/bin/hex430" --memwidth=8 --romwidth=8 --ti_txt -o "OutOfBox_MSP430FR4133.txt"  "OutOfBox_MSP430FR4133.out" 
Translating to TI-TXT format...
   "OutOfBox_MSP430FR4133.out" .cinit ==> .cinit
   "OutOfBox_MSP430FR4133.out" .const ==> .const
   "OutOfBox_MSP430FR4133.out" .text ==> .text
   "OutOfBox_MSP430FR4133.out" $fill000 ==> $fill000
   "OutOfBox_MSP430FR4133.out" $fill001 ==> $fill001
   "OutOfBox_MSP430FR4133.out" LCD_E ==> LCD_E
   "OutOfBox_MSP430FR4133.out" PORT2 ==> PORT2
   "OutOfBox_MSP430FR4133.out" PORT1 ==> PORT1
   "OutOfBox_MSP430FR4133.out" ADC ==> ADC
   "OutOfBox_MSP430FR4133.out" USCI_B0 ==> USCI_B0
   "OutOfBox_MSP430FR4133.out" USCI_A0 ==> USCI_A0
   "OutOfBox_MSP430FR4133.out" WDT ==> WDT
   "OutOfBox_MSP430FR4133.out" RTC ==> RTC
   "OutOfBox_MSP430FR4133.out" TIMER1_A1 ==> TIMER1_A1
   "OutOfBox_MSP430FR4133.out" TIMER1_A0 ==> TIMER1_A0
   "OutOfBox_MSP430FR4133.out" TIMER0_A1 ==> TIMER0_A1
   "OutOfBox_MSP430FR4133.out" TIMER0_A0 ==> TIMER0_A0
   "OutOfBox_MSP430FR4133.out" UNMI ==> UNMI
   "OutOfBox_MSP430FR4133.out" SYSNMI ==> SYSNMI
   "OutOfBox_MSP430FR4133.out" .reset ==> .reset
'Finished building: OutOfBox_MSP430FR4133.txt'
' '

**** Build Finished ****
