
**** Build of configuration Debug for project Practice ****

"C:\\ti\\ccsv6\\utils\\bin\\gmake" -k all 
'Building file: ../functions.c'
'Invoking: ARM Compiler'
"C:/ti/ccsv6/tools/compiler/arm_15.12.2.LTS/bin/armcl" -mv4 --code_state=32 --include_path="C:/ti/ccsv6/tools/compiler/arm_15.12.2.LTS/include" --include_path="C:/ti/ccsv6/ccs_base/msp430/include" -g --diag_warning=225 --display_error_number --diag_wrap=off --preproc_with_compile --preproc_dependency="functions.d"  "../functions.c"

>> Compilation failure
subdir_rules.mk:7: recipe for target 'functions.obj' failed
"C:/ti/ccsv6/ccs_base/msp430/include/msp430fr4133.h", line 127: fatal error #1965: cannot open source file "intrinsics.h"
1 catastrophic error detected in the compilation of "../functions.c".
Compilation terminated.
gmake: *** [functions.obj] Error 1
'Building file: ../main.c'
'Invoking: ARM Compiler'
"C:/ti/ccsv6/tools/compiler/arm_15.12.2.LTS/bin/armcl" -mv4 --code_state=32 --include_path="C:/ti/ccsv6/tools/compiler/arm_15.12.2.LTS/include" --include_path="C:/ti/ccsv6/ccs_base/msp430/include" -g --diag_warning=225 --display_error_number --diag_wrap=off --preproc_with_compile --preproc_dependency="main.d"  "../main.c"

>> Compilation failure
subdir_rules.mk:14: recipe for target 'main.obj' failed
"C:/ti/ccsv6/ccs_base/msp430/include/msp430.h", line 1835: fatal error #35: #error directive: "Failed to match a default include file"
1 catastrophic error detected in the compilation of "../main.c".
Compilation terminated.
gmake: *** [main.obj] Error 1
gmake: Target 'all' not remade because of errors.

**** Build Finished ****
